ERROR - 2024-06-15 04:19:54 --> mysqli_sql_exception: Duplicate entry '1' for key 'id_kabupaten' in C:\xampp\htdocs\websig_bela\system\Database\MySQLi\Connection.php:308
Stack trace:
#0 C:\xampp\htdocs\websig_bela\system\Database\MySQLi\Connection.php(308): mysqli->query('INSERT INTO `ke...', 0)
#1 C:\xampp\htdocs\websig_bela\system\Database\BaseConnection.php(722): CodeIgniter\Database\MySQLi\Connection->execute('INSERT INTO `ke...')
#2 C:\xampp\htdocs\websig_bela\system\Database\BaseConnection.php(636): CodeIgniter\Database\BaseConnection->simpleQuery('INSERT INTO `ke...')
#3 C:\xampp\htdocs\websig_bela\system\Database\BaseBuilder.php(2325): CodeIgniter\Database\BaseConnection->query('INSERT INTO `ke...', Array, false)
#4 C:\xampp\htdocs\websig_bela\system\Model.php(383): CodeIgniter\Database\BaseBuilder->insert()
#5 C:\xampp\htdocs\websig_bela\system\BaseModel.php(840): CodeIgniter\Model->doInsert(Array)
#6 C:\xampp\htdocs\websig_bela\system\Model.php(791): CodeIgniter\BaseModel->insert(Array, true)
#7 C:\xampp\htdocs\websig_bela\app\Controllers\Kecamatan.php(65): CodeIgniter\Model->insert(Array)
#8 C:\xampp\htdocs\websig_bela\system\CodeIgniter.php(933): App\Controllers\Kecamatan->simpan()
#9 C:\xampp\htdocs\websig_bela\system\CodeIgniter.php(509): CodeIgniter\CodeIgniter->runController(Object(App\Controllers\Kecamatan))
#10 C:\xampp\htdocs\websig_bela\system\CodeIgniter.php(355): CodeIgniter\CodeIgniter->handleRequest(NULL, Object(Config\Cache), false)
#11 C:\xampp\htdocs\websig_bela\system\Boot.php(312): CodeIgniter\CodeIgniter->run()
#12 C:\xampp\htdocs\websig_bela\system\Boot.php(67): CodeIgniter\Boot::runCodeIgniter(Object(CodeIgniter\CodeIgniter))
#13 C:\xampp\htdocs\websig_bela\index.php(56): CodeIgniter\Boot::bootWeb(Object(Config\Paths))
#14 {main}
CRITICAL - 2024-06-15 04:19:54 --> CodeIgniter\Database\Exceptions\DatabaseException: Duplicate entry '1' for key 'id_kabupaten'
[Method: POST, Route: simpankecamatan]
in SYSTEMPATH\Database\BaseConnection.php on line 676.
 1 SYSTEMPATH\Database\BaseBuilder.php(2325): CodeIgniter\Database\BaseConnection->query('INSERT INTO `kecamatan` (`kode_kecamatan`, `id_kabupaten`, `nama_kecamatan`, `jumlah_penduduk`, `luas_wilayah`) VALUES (:kode_kecamatan:, :id_kabupaten:, :nama_kecamatan:, :jumlah_penduduk:, :luas_wilayah:)', [...], false)
 2 SYSTEMPATH\Model.php(383): CodeIgniter\Database\BaseBuilder->insert()
 3 SYSTEMPATH\BaseModel.php(840): CodeIgniter\Model->doInsert([...])
 4 SYSTEMPATH\Model.php(791): CodeIgniter\BaseModel->insert([...], true)
 5 APPPATH\Controllers\Kecamatan.php(65): CodeIgniter\Model->insert([...])
 6 SYSTEMPATH\CodeIgniter.php(933): App\Controllers\Kecamatan->simpan()
 7 SYSTEMPATH\CodeIgniter.php(509): CodeIgniter\CodeIgniter->runController(Object(App\Controllers\Kecamatan))
 8 SYSTEMPATH\CodeIgniter.php(355): CodeIgniter\CodeIgniter->handleRequest(null, Object(Config\Cache), false)
 9 SYSTEMPATH\Boot.php(312): CodeIgniter\CodeIgniter->run()
10 SYSTEMPATH\Boot.php(67): CodeIgniter\Boot::runCodeIgniter(Object(CodeIgniter\CodeIgniter))
11 FCPATH\index.php(56): CodeIgniter\Boot::bootWeb(Object(Config\Paths))
CRITICAL - 2024-06-15 04:19:54 --> [Caused by] CodeIgniter\Database\Exceptions\DatabaseException: Duplicate entry '1' for key 'id_kabupaten'
in SYSTEMPATH\Database\MySQLi\Connection.php on line 313.
 1 SYSTEMPATH\Database\BaseConnection.php(722): CodeIgniter\Database\MySQLi\Connection->execute('INSERT INTO `kecamatan` (`kode_kecamatan`, `id_kabupaten`, `nama_kecamatan`, `jumlah_penduduk`, `luas_wilayah`) VALUES (\'3302060\', \'1\', \'Baturaden\', \'67490\', \'196890\')')
 2 SYSTEMPATH\Database\BaseConnection.php(636): CodeIgniter\Database\BaseConnection->simpleQuery('INSERT INTO `kecamatan` (`kode_kecamatan`, `id_kabupaten`, `nama_kecamatan`, `jumlah_penduduk`, `luas_wilayah`) VALUES (\'3302060\', \'1\', \'Baturaden\', \'67490\', \'196890\')')
 3 SYSTEMPATH\Database\BaseBuilder.php(2325): CodeIgniter\Database\BaseConnection->query('INSERT INTO `kecamatan` (`kode_kecamatan`, `id_kabupaten`, `nama_kecamatan`, `jumlah_penduduk`, `luas_wilayah`) VALUES (:kode_kecamatan:, :id_kabupaten:, :nama_kecamatan:, :jumlah_penduduk:, :luas_wilayah:)', [...], false)
 4 SYSTEMPATH\Model.php(383): CodeIgniter\Database\BaseBuilder->insert()
 5 SYSTEMPATH\BaseModel.php(840): CodeIgniter\Model->doInsert([...])
 6 SYSTEMPATH\Model.php(791): CodeIgniter\BaseModel->insert([...], true)
 7 APPPATH\Controllers\Kecamatan.php(65): CodeIgniter\Model->insert([...])
 8 SYSTEMPATH\CodeIgniter.php(933): App\Controllers\Kecamatan->simpan()
 9 SYSTEMPATH\CodeIgniter.php(509): CodeIgniter\CodeIgniter->runController(Object(App\Controllers\Kecamatan))
10 SYSTEMPATH\CodeIgniter.php(355): CodeIgniter\CodeIgniter->handleRequest(null, Object(Config\Cache), false)
11 SYSTEMPATH\Boot.php(312): CodeIgniter\CodeIgniter->run()
12 SYSTEMPATH\Boot.php(67): CodeIgniter\Boot::runCodeIgniter(Object(CodeIgniter\CodeIgniter))
13 FCPATH\index.php(56): CodeIgniter\Boot::bootWeb(Object(Config\Paths))
CRITICAL - 2024-06-15 04:19:54 --> [Caused by] mysqli_sql_exception: Duplicate entry '1' for key 'id_kabupaten'
in SYSTEMPATH\Database\MySQLi\Connection.php on line 308.
 1 SYSTEMPATH\Database\MySQLi\Connection.php(308): mysqli->query('INSERT INTO `kecamatan` (`kode_kecamatan`, `id_kabupaten`, `nama_kecamatan`, `jumlah_penduduk`, `luas_wilayah`) VALUES (\'3302060\', \'1\', \'Baturaden\', \'67490\', \'196890\')', 0)
 2 SYSTEMPATH\Database\BaseConnection.php(722): CodeIgniter\Database\MySQLi\Connection->execute('INSERT INTO `kecamatan` (`kode_kecamatan`, `id_kabupaten`, `nama_kecamatan`, `jumlah_penduduk`, `luas_wilayah`) VALUES (\'3302060\', \'1\', \'Baturaden\', \'67490\', \'196890\')')
 3 SYSTEMPATH\Database\BaseConnection.php(636): CodeIgniter\Database\BaseConnection->simpleQuery('INSERT INTO `kecamatan` (`kode_kecamatan`, `id_kabupaten`, `nama_kecamatan`, `jumlah_penduduk`, `luas_wilayah`) VALUES (\'3302060\', \'1\', \'Baturaden\', \'67490\', \'196890\')')
 4 SYSTEMPATH\Database\BaseBuilder.php(2325): CodeIgniter\Database\BaseConnection->query('INSERT INTO `kecamatan` (`kode_kecamatan`, `id_kabupaten`, `nama_kecamatan`, `jumlah_penduduk`, `luas_wilayah`) VALUES (:kode_kecamatan:, :id_kabupaten:, :nama_kecamatan:, :jumlah_penduduk:, :luas_wilayah:)', [...], false)
 5 SYSTEMPATH\Model.php(383): CodeIgniter\Database\BaseBuilder->insert()
 6 SYSTEMPATH\BaseModel.php(840): CodeIgniter\Model->doInsert([...])
 7 SYSTEMPATH\Model.php(791): CodeIgniter\BaseModel->insert([...], true)
 8 APPPATH\Controllers\Kecamatan.php(65): CodeIgniter\Model->insert([...])
 9 SYSTEMPATH\CodeIgniter.php(933): App\Controllers\Kecamatan->simpan()
10 SYSTEMPATH\CodeIgniter.php(509): CodeIgniter\CodeIgniter->runController(Object(App\Controllers\Kecamatan))
11 SYSTEMPATH\CodeIgniter.php(355): CodeIgniter\CodeIgniter->handleRequest(null, Object(Config\Cache), false)
12 SYSTEMPATH\Boot.php(312): CodeIgniter\CodeIgniter->run()
13 SYSTEMPATH\Boot.php(67): CodeIgniter\Boot::runCodeIgniter(Object(CodeIgniter\CodeIgniter))
14 FCPATH\index.php(56): CodeIgniter\Boot::bootWeb(Object(Config\Paths))
