ERROR - 2024-06-14 04:07:51 --> mysqli_sql_exception: Duplicate entry '1' for key 'id_kabupaten' in C:\xampp\htdocs\websig\system\Database\MySQLi\Connection.php:308
Stack trace:
#0 C:\xampp\htdocs\websig\system\Database\MySQLi\Connection.php(308): mysqli->query('INSERT INTO `ke...', 0)
#1 C:\xampp\htdocs\websig\system\Database\BaseConnection.php(722): CodeIgniter\Database\MySQLi\Connection->execute('INSERT INTO `ke...')
#2 C:\xampp\htdocs\websig\system\Database\BaseConnection.php(636): CodeIgniter\Database\BaseConnection->simpleQuery('INSERT INTO `ke...')
#3 C:\xampp\htdocs\websig\system\Database\BaseBuilder.php(2325): CodeIgniter\Database\BaseConnection->query('INSERT INTO `ke...', Array, false)
#4 C:\xampp\htdocs\websig\system\Model.php(383): CodeIgniter\Database\BaseBuilder->insert()
#5 C:\xampp\htdocs\websig\system\BaseModel.php(840): CodeIgniter\Model->doInsert(Array)
#6 C:\xampp\htdocs\websig\system\Model.php(791): CodeIgniter\BaseModel->insert(Array, true)
#7 C:\xampp\htdocs\websig\app\Controllers\Kecamatan.php(65): CodeIgniter\Model->insert(Array)
#8 C:\xampp\htdocs\websig\system\CodeIgniter.php(933): App\Controllers\Kecamatan->simpan()
#9 C:\xampp\htdocs\websig\system\CodeIgniter.php(509): CodeIgniter\CodeIgniter->runController(Object(App\Controllers\Kecamatan))
#10 C:\xampp\htdocs\websig\system\CodeIgniter.php(355): CodeIgniter\CodeIgniter->handleRequest(NULL, Object(Config\Cache), false)
#11 C:\xampp\htdocs\websig\system\Boot.php(312): CodeIgniter\CodeIgniter->run()
#12 C:\xampp\htdocs\websig\system\Boot.php(67): CodeIgniter\Boot::runCodeIgniter(Object(CodeIgniter\CodeIgniter))
#13 C:\xampp\htdocs\websig\index.php(56): CodeIgniter\Boot::bootWeb(Object(Config\Paths))
#14 {main}
CRITICAL - 2024-06-14 04:07:51 --> CodeIgniter\Database\Exceptions\DatabaseException: Duplicate entry '1' for key 'id_kabupaten'
[Method: POST, Route: simpankecamatan]
in SYSTEMPATH\Database\BaseConnection.php on line 676.
 1 SYSTEMPATH\Database\BaseBuilder.php(2325): CodeIgniter\Database\BaseConnection->query('INSERT INTO `kecamatan` (`kode_kecamatan`, `id_kabupaten`, `nama_kecamatan`, `jumlah_penduduk`, `luas_wilayah`) VALUES (:kode_kecamatan:, :id_kabupaten:, :nama_kecamatan:, :jumlah_penduduk:, :luas_wilayah:)', [...], false)
 2 SYSTEMPATH\Model.php(383): CodeIgniter\Database\BaseBuilder->insert()
 3 SYSTEMPATH\BaseModel.php(840): CodeIgniter\Model->doInsert([...])
 4 SYSTEMPATH\Model.php(791): CodeIgniter\BaseModel->insert([...], true)
 5 APPPATH\Controllers\Kecamatan.php(65): CodeIgniter\Model->insert([...])
 6 SYSTEMPATH\CodeIgniter.php(933): App\Controllers\Kecamatan->simpan()
 7 SYSTEMPATH\CodeIgniter.php(509): CodeIgniter\CodeIgniter->runController(Object(App\Controllers\Kecamatan))
 8 SYSTEMPATH\CodeIgniter.php(355): CodeIgniter\CodeIgniter->handleRequest(null, Object(Config\Cache), false)
 9 SYSTEMPATH\Boot.php(312): CodeIgniter\CodeIgniter->run()
10 SYSTEMPATH\Boot.php(67): CodeIgniter\Boot::runCodeIgniter(Object(CodeIgniter\CodeIgniter))
11 FCPATH\index.php(56): CodeIgniter\Boot::bootWeb(Object(Config\Paths))
CRITICAL - 2024-06-14 04:07:51 --> [Caused by] CodeIgniter\Database\Exceptions\DatabaseException: Duplicate entry '1' for key 'id_kabupaten'
in SYSTEMPATH\Database\MySQLi\Connection.php on line 313.
 1 SYSTEMPATH\Database\BaseConnection.php(722): CodeIgniter\Database\MySQLi\Connection->execute('INSERT INTO `kecamatan` (`kode_kecamatan`, `id_kabupaten`, `nama_kecamatan`, `jumlah_penduduk`, `luas_wilayah`) VALUES (\'3302060\', \'1\', \'WANGON\', \'765890\', \'13589990\')')
 2 SYSTEMPATH\Database\BaseConnection.php(636): CodeIgniter\Database\BaseConnection->simpleQuery('INSERT INTO `kecamatan` (`kode_kecamatan`, `id_kabupaten`, `nama_kecamatan`, `jumlah_penduduk`, `luas_wilayah`) VALUES (\'3302060\', \'1\', \'WANGON\', \'765890\', \'13589990\')')
 3 SYSTEMPATH\Database\BaseBuilder.php(2325): CodeIgniter\Database\BaseConnection->query('INSERT INTO `kecamatan` (`kode_kecamatan`, `id_kabupaten`, `nama_kecamatan`, `jumlah_penduduk`, `luas_wilayah`) VALUES (:kode_kecamatan:, :id_kabupaten:, :nama_kecamatan:, :jumlah_penduduk:, :luas_wilayah:)', [...], false)
 4 SYSTEMPATH\Model.php(383): CodeIgniter\Database\BaseBuilder->insert()
 5 SYSTEMPATH\BaseModel.php(840): CodeIgniter\Model->doInsert([...])
 6 SYSTEMPATH\Model.php(791): CodeIgniter\BaseModel->insert([...], true)
 7 APPPATH\Controllers\Kecamatan.php(65): CodeIgniter\Model->insert([...])
 8 SYSTEMPATH\CodeIgniter.php(933): App\Controllers\Kecamatan->simpan()
 9 SYSTEMPATH\CodeIgniter.php(509): CodeIgniter\CodeIgniter->runController(Object(App\Controllers\Kecamatan))
10 SYSTEMPATH\CodeIgniter.php(355): CodeIgniter\CodeIgniter->handleRequest(null, Object(Config\Cache), false)
11 SYSTEMPATH\Boot.php(312): CodeIgniter\CodeIgniter->run()
12 SYSTEMPATH\Boot.php(67): CodeIgniter\Boot::runCodeIgniter(Object(CodeIgniter\CodeIgniter))
13 FCPATH\index.php(56): CodeIgniter\Boot::bootWeb(Object(Config\Paths))
CRITICAL - 2024-06-14 04:07:51 --> [Caused by] mysqli_sql_exception: Duplicate entry '1' for key 'id_kabupaten'
in SYSTEMPATH\Database\MySQLi\Connection.php on line 308.
 1 SYSTEMPATH\Database\MySQLi\Connection.php(308): mysqli->query('INSERT INTO `kecamatan` (`kode_kecamatan`, `id_kabupaten`, `nama_kecamatan`, `jumlah_penduduk`, `luas_wilayah`) VALUES (\'3302060\', \'1\', \'WANGON\', \'765890\', \'13589990\')', 0)
 2 SYSTEMPATH\Database\BaseConnection.php(722): CodeIgniter\Database\MySQLi\Connection->execute('INSERT INTO `kecamatan` (`kode_kecamatan`, `id_kabupaten`, `nama_kecamatan`, `jumlah_penduduk`, `luas_wilayah`) VALUES (\'3302060\', \'1\', \'WANGON\', \'765890\', \'13589990\')')
 3 SYSTEMPATH\Database\BaseConnection.php(636): CodeIgniter\Database\BaseConnection->simpleQuery('INSERT INTO `kecamatan` (`kode_kecamatan`, `id_kabupaten`, `nama_kecamatan`, `jumlah_penduduk`, `luas_wilayah`) VALUES (\'3302060\', \'1\', \'WANGON\', \'765890\', \'13589990\')')
 4 SYSTEMPATH\Database\BaseBuilder.php(2325): CodeIgniter\Database\BaseConnection->query('INSERT INTO `kecamatan` (`kode_kecamatan`, `id_kabupaten`, `nama_kecamatan`, `jumlah_penduduk`, `luas_wilayah`) VALUES (:kode_kecamatan:, :id_kabupaten:, :nama_kecamatan:, :jumlah_penduduk:, :luas_wilayah:)', [...], false)
 5 SYSTEMPATH\Model.php(383): CodeIgniter\Database\BaseBuilder->insert()
 6 SYSTEMPATH\BaseModel.php(840): CodeIgniter\Model->doInsert([...])
 7 SYSTEMPATH\Model.php(791): CodeIgniter\BaseModel->insert([...], true)
 8 APPPATH\Controllers\Kecamatan.php(65): CodeIgniter\Model->insert([...])
 9 SYSTEMPATH\CodeIgniter.php(933): App\Controllers\Kecamatan->simpan()
10 SYSTEMPATH\CodeIgniter.php(509): CodeIgniter\CodeIgniter->runController(Object(App\Controllers\Kecamatan))
11 SYSTEMPATH\CodeIgniter.php(355): CodeIgniter\CodeIgniter->handleRequest(null, Object(Config\Cache), false)
12 SYSTEMPATH\Boot.php(312): CodeIgniter\CodeIgniter->run()
13 SYSTEMPATH\Boot.php(67): CodeIgniter\Boot::runCodeIgniter(Object(CodeIgniter\CodeIgniter))
14 FCPATH\index.php(56): CodeIgniter\Boot::bootWeb(Object(Config\Paths))
ERROR - 2024-06-14 04:11:14 --> mysqli_sql_exception: Duplicate entry '3302020' for key 'kode_kecamatan' in C:\xampp\htdocs\websig\system\Database\MySQLi\Connection.php:308
Stack trace:
#0 C:\xampp\htdocs\websig\system\Database\MySQLi\Connection.php(308): mysqli->query('INSERT INTO `se...', 0)
#1 C:\xampp\htdocs\websig\system\Database\BaseConnection.php(722): CodeIgniter\Database\MySQLi\Connection->execute('INSERT INTO `se...')
#2 C:\xampp\htdocs\websig\system\Database\BaseConnection.php(636): CodeIgniter\Database\BaseConnection->simpleQuery('INSERT INTO `se...')
#3 C:\xampp\htdocs\websig\system\Database\BaseBuilder.php(2325): CodeIgniter\Database\BaseConnection->query('INSERT INTO `se...', Array, false)
#4 C:\xampp\htdocs\websig\system\Model.php(383): CodeIgniter\Database\BaseBuilder->insert()
#5 C:\xampp\htdocs\websig\system\BaseModel.php(840): CodeIgniter\Model->doInsert(Array)
#6 C:\xampp\htdocs\websig\system\Model.php(791): CodeIgniter\BaseModel->insert(Array, true)
#7 C:\xampp\htdocs\websig\app\Controllers\sekolah.php(82): CodeIgniter\Model->insert(Array)
#8 C:\xampp\htdocs\websig\system\CodeIgniter.php(933): App\Controllers\Sekolah->simpan()
#9 C:\xampp\htdocs\websig\system\CodeIgniter.php(509): CodeIgniter\CodeIgniter->runController(Object(App\Controllers\Sekolah))
#10 C:\xampp\htdocs\websig\system\CodeIgniter.php(355): CodeIgniter\CodeIgniter->handleRequest(NULL, Object(Config\Cache), false)
#11 C:\xampp\htdocs\websig\system\Boot.php(312): CodeIgniter\CodeIgniter->run()
#12 C:\xampp\htdocs\websig\system\Boot.php(67): CodeIgniter\Boot::runCodeIgniter(Object(CodeIgniter\CodeIgniter))
#13 C:\xampp\htdocs\websig\index.php(56): CodeIgniter\Boot::bootWeb(Object(Config\Paths))
#14 {main}
CRITICAL - 2024-06-14 04:11:14 --> CodeIgniter\Database\Exceptions\DatabaseException: Duplicate entry '3302020' for key 'kode_kecamatan'
[Method: POST, Route: simpansekolah]
in SYSTEMPATH\Database\BaseConnection.php on line 676.
 1 SYSTEMPATH\Database\BaseBuilder.php(2325): CodeIgniter\Database\BaseConnection->query('INSERT INTO `sekolah` (`npsn`, `kode_kecamatan`, `nama_sekolah`, `alamat_sekolah`, `status`, `jenjang_pendidikan`, `koordinat`) VALUES (:npsn:, :kode_kecamatan:, :nama_sekolah:, :alamat_sekolah:, :status:, :jenjang_pendidikan:, :koordinat:)', [...], false)
 2 SYSTEMPATH\Model.php(383): CodeIgniter\Database\BaseBuilder->insert()
 3 SYSTEMPATH\BaseModel.php(840): CodeIgniter\Model->doInsert([...])
 4 SYSTEMPATH\Model.php(791): CodeIgniter\BaseModel->insert([...], true)
 5 APPPATH\Controllers\sekolah.php(82): CodeIgniter\Model->insert([...])
 6 SYSTEMPATH\CodeIgniter.php(933): App\Controllers\Sekolah->simpan()
 7 SYSTEMPATH\CodeIgniter.php(509): CodeIgniter\CodeIgniter->runController(Object(App\Controllers\Sekolah))
 8 SYSTEMPATH\CodeIgniter.php(355): CodeIgniter\CodeIgniter->handleRequest(null, Object(Config\Cache), false)
 9 SYSTEMPATH\Boot.php(312): CodeIgniter\CodeIgniter->run()
10 SYSTEMPATH\Boot.php(67): CodeIgniter\Boot::runCodeIgniter(Object(CodeIgniter\CodeIgniter))
11 FCPATH\index.php(56): CodeIgniter\Boot::bootWeb(Object(Config\Paths))
CRITICAL - 2024-06-14 04:11:14 --> [Caused by] CodeIgniter\Database\Exceptions\DatabaseException: Duplicate entry '3302020' for key 'kode_kecamatan'
in SYSTEMPATH\Database\MySQLi\Connection.php on line 313.
 1 SYSTEMPATH\Database\BaseConnection.php(722): CodeIgniter\Database\MySQLi\Connection->execute('INSERT INTO `sekolah` (`npsn`, `kode_kecamatan`, `nama_sekolah`, `alamat_sekolah`, `status`, `jenjang_pendidikan`, `koordinat`) VALUES (\'20302280\', \'3302020\', \'SD NEGERI 1 KARANGANYAR\', \'RT 05 RW 02\', \'NEGERI\', \'SD\', \'-7.5476-109.142\')')
 2 SYSTEMPATH\Database\BaseConnection.php(636): CodeIgniter\Database\BaseConnection->simpleQuery('INSERT INTO `sekolah` (`npsn`, `kode_kecamatan`, `nama_sekolah`, `alamat_sekolah`, `status`, `jenjang_pendidikan`, `koordinat`) VALUES (\'20302280\', \'3302020\', \'SD NEGERI 1 KARANGANYAR\', \'RT 05 RW 02\', \'NEGERI\', \'SD\', \'-7.5476-109.142\')')
 3 SYSTEMPATH\Database\BaseBuilder.php(2325): CodeIgniter\Database\BaseConnection->query('INSERT INTO `sekolah` (`npsn`, `kode_kecamatan`, `nama_sekolah`, `alamat_sekolah`, `status`, `jenjang_pendidikan`, `koordinat`) VALUES (:npsn:, :kode_kecamatan:, :nama_sekolah:, :alamat_sekolah:, :status:, :jenjang_pendidikan:, :koordinat:)', [...], false)
 4 SYSTEMPATH\Model.php(383): CodeIgniter\Database\BaseBuilder->insert()
 5 SYSTEMPATH\BaseModel.php(840): CodeIgniter\Model->doInsert([...])
 6 SYSTEMPATH\Model.php(791): CodeIgniter\BaseModel->insert([...], true)
 7 APPPATH\Controllers\sekolah.php(82): CodeIgniter\Model->insert([...])
 8 SYSTEMPATH\CodeIgniter.php(933): App\Controllers\Sekolah->simpan()
 9 SYSTEMPATH\CodeIgniter.php(509): CodeIgniter\CodeIgniter->runController(Object(App\Controllers\Sekolah))
10 SYSTEMPATH\CodeIgniter.php(355): CodeIgniter\CodeIgniter->handleRequest(null, Object(Config\Cache), false)
11 SYSTEMPATH\Boot.php(312): CodeIgniter\CodeIgniter->run()
12 SYSTEMPATH\Boot.php(67): CodeIgniter\Boot::runCodeIgniter(Object(CodeIgniter\CodeIgniter))
13 FCPATH\index.php(56): CodeIgniter\Boot::bootWeb(Object(Config\Paths))
CRITICAL - 2024-06-14 04:11:14 --> [Caused by] mysqli_sql_exception: Duplicate entry '3302020' for key 'kode_kecamatan'
in SYSTEMPATH\Database\MySQLi\Connection.php on line 308.
 1 SYSTEMPATH\Database\MySQLi\Connection.php(308): mysqli->query('INSERT INTO `sekolah` (`npsn`, `kode_kecamatan`, `nama_sekolah`, `alamat_sekolah`, `status`, `jenjang_pendidikan`, `koordinat`) VALUES (\'20302280\', \'3302020\', \'SD NEGERI 1 KARANGANYAR\', \'RT 05 RW 02\', \'NEGERI\', \'SD\', \'-7.5476-109.142\')', 0)
 2 SYSTEMPATH\Database\BaseConnection.php(722): CodeIgniter\Database\MySQLi\Connection->execute('INSERT INTO `sekolah` (`npsn`, `kode_kecamatan`, `nama_sekolah`, `alamat_sekolah`, `status`, `jenjang_pendidikan`, `koordinat`) VALUES (\'20302280\', \'3302020\', \'SD NEGERI 1 KARANGANYAR\', \'RT 05 RW 02\', \'NEGERI\', \'SD\', \'-7.5476-109.142\')')
 3 SYSTEMPATH\Database\BaseConnection.php(636): CodeIgniter\Database\BaseConnection->simpleQuery('INSERT INTO `sekolah` (`npsn`, `kode_kecamatan`, `nama_sekolah`, `alamat_sekolah`, `status`, `jenjang_pendidikan`, `koordinat`) VALUES (\'20302280\', \'3302020\', \'SD NEGERI 1 KARANGANYAR\', \'RT 05 RW 02\', \'NEGERI\', \'SD\', \'-7.5476-109.142\')')
 4 SYSTEMPATH\Database\BaseBuilder.php(2325): CodeIgniter\Database\BaseConnection->query('INSERT INTO `sekolah` (`npsn`, `kode_kecamatan`, `nama_sekolah`, `alamat_sekolah`, `status`, `jenjang_pendidikan`, `koordinat`) VALUES (:npsn:, :kode_kecamatan:, :nama_sekolah:, :alamat_sekolah:, :status:, :jenjang_pendidikan:, :koordinat:)', [...], false)
 5 SYSTEMPATH\Model.php(383): CodeIgniter\Database\BaseBuilder->insert()
 6 SYSTEMPATH\BaseModel.php(840): CodeIgniter\Model->doInsert([...])
 7 SYSTEMPATH\Model.php(791): CodeIgniter\BaseModel->insert([...], true)
 8 APPPATH\Controllers\sekolah.php(82): CodeIgniter\Model->insert([...])
 9 SYSTEMPATH\CodeIgniter.php(933): App\Controllers\Sekolah->simpan()
10 SYSTEMPATH\CodeIgniter.php(509): CodeIgniter\CodeIgniter->runController(Object(App\Controllers\Sekolah))
11 SYSTEMPATH\CodeIgniter.php(355): CodeIgniter\CodeIgniter->handleRequest(null, Object(Config\Cache), false)
12 SYSTEMPATH\Boot.php(312): CodeIgniter\CodeIgniter->run()
13 SYSTEMPATH\Boot.php(67): CodeIgniter\Boot::runCodeIgniter(Object(CodeIgniter\CodeIgniter))
14 FCPATH\index.php(56): CodeIgniter\Boot::bootWeb(Object(Config\Paths))
ERROR - 2024-06-14 04:25:15 --> mysqli_sql_exception: Duplicate entry '3302050' for key 'kode_kecamatan' in C:\xampp\htdocs\websig\system\Database\MySQLi\Connection.php:308
Stack trace:
#0 C:\xampp\htdocs\websig\system\Database\MySQLi\Connection.php(308): mysqli->query('INSERT INTO `se...', 0)
#1 C:\xampp\htdocs\websig\system\Database\BaseConnection.php(722): CodeIgniter\Database\MySQLi\Connection->execute('INSERT INTO `se...')
#2 C:\xampp\htdocs\websig\system\Database\BaseConnection.php(636): CodeIgniter\Database\BaseConnection->simpleQuery('INSERT INTO `se...')
#3 C:\xampp\htdocs\websig\system\Database\BaseBuilder.php(2325): CodeIgniter\Database\BaseConnection->query('INSERT INTO `se...', Array, false)
#4 C:\xampp\htdocs\websig\system\Model.php(383): CodeIgniter\Database\BaseBuilder->insert()
#5 C:\xampp\htdocs\websig\system\BaseModel.php(840): CodeIgniter\Model->doInsert(Array)
#6 C:\xampp\htdocs\websig\system\Model.php(791): CodeIgniter\BaseModel->insert(Array, true)
#7 C:\xampp\htdocs\websig\app\Controllers\sekolah.php(82): CodeIgniter\Model->insert(Array)
#8 C:\xampp\htdocs\websig\system\CodeIgniter.php(933): App\Controllers\Sekolah->simpan()
#9 C:\xampp\htdocs\websig\system\CodeIgniter.php(509): CodeIgniter\CodeIgniter->runController(Object(App\Controllers\Sekolah))
#10 C:\xampp\htdocs\websig\system\CodeIgniter.php(355): CodeIgniter\CodeIgniter->handleRequest(NULL, Object(Config\Cache), false)
#11 C:\xampp\htdocs\websig\system\Boot.php(312): CodeIgniter\CodeIgniter->run()
#12 C:\xampp\htdocs\websig\system\Boot.php(67): CodeIgniter\Boot::runCodeIgniter(Object(CodeIgniter\CodeIgniter))
#13 C:\xampp\htdocs\websig\index.php(56): CodeIgniter\Boot::bootWeb(Object(Config\Paths))
#14 {main}
CRITICAL - 2024-06-14 04:25:15 --> CodeIgniter\Database\Exceptions\DatabaseException: Duplicate entry '3302050' for key 'kode_kecamatan'
[Method: POST, Route: simpansekolah]
in SYSTEMPATH\Database\BaseConnection.php on line 676.
 1 SYSTEMPATH\Database\BaseBuilder.php(2325): CodeIgniter\Database\BaseConnection->query('INSERT INTO `sekolah` (`npsn`, `kode_kecamatan`, `nama_sekolah`, `alamat_sekolah`, `status`, `jenjang_pendidikan`, `koordinat`) VALUES (:npsn:, :kode_kecamatan:, :nama_sekolah:, :alamat_sekolah:, :status:, :jenjang_pendidikan:, :koordinat:)', [...], false)
 2 SYSTEMPATH\Model.php(383): CodeIgniter\Database\BaseBuilder->insert()
 3 SYSTEMPATH\BaseModel.php(840): CodeIgniter\Model->doInsert([...])
 4 SYSTEMPATH\Model.php(791): CodeIgniter\BaseModel->insert([...], true)
 5 APPPATH\Controllers\sekolah.php(82): CodeIgniter\Model->insert([...])
 6 SYSTEMPATH\CodeIgniter.php(933): App\Controllers\Sekolah->simpan()
 7 SYSTEMPATH\CodeIgniter.php(509): CodeIgniter\CodeIgniter->runController(Object(App\Controllers\Sekolah))
 8 SYSTEMPATH\CodeIgniter.php(355): CodeIgniter\CodeIgniter->handleRequest(null, Object(Config\Cache), false)
 9 SYSTEMPATH\Boot.php(312): CodeIgniter\CodeIgniter->run()
10 SYSTEMPATH\Boot.php(67): CodeIgniter\Boot::runCodeIgniter(Object(CodeIgniter\CodeIgniter))
11 FCPATH\index.php(56): CodeIgniter\Boot::bootWeb(Object(Config\Paths))
CRITICAL - 2024-06-14 04:25:15 --> [Caused by] CodeIgniter\Database\Exceptions\DatabaseException: Duplicate entry '3302050' for key 'kode_kecamatan'
in SYSTEMPATH\Database\MySQLi\Connection.php on line 313.
 1 SYSTEMPATH\Database\BaseConnection.php(722): CodeIgniter\Database\MySQLi\Connection->execute('INSERT INTO `sekolah` (`npsn`, `kode_kecamatan`, `nama_sekolah`, `alamat_sekolah`, `status`, `jenjang_pendidikan`, `koordinat`) VALUES (\'20302635\', \'3302050\', \'SD NEGERI 2 KRADENAN\', \'Jalan Bogangin\', \'NEGERI\', \'SD\', \'-7.61077,109.3757\')')
 2 SYSTEMPATH\Database\BaseConnection.php(636): CodeIgniter\Database\BaseConnection->simpleQuery('INSERT INTO `sekolah` (`npsn`, `kode_kecamatan`, `nama_sekolah`, `alamat_sekolah`, `status`, `jenjang_pendidikan`, `koordinat`) VALUES (\'20302635\', \'3302050\', \'SD NEGERI 2 KRADENAN\', \'Jalan Bogangin\', \'NEGERI\', \'SD\', \'-7.61077,109.3757\')')
 3 SYSTEMPATH\Database\BaseBuilder.php(2325): CodeIgniter\Database\BaseConnection->query('INSERT INTO `sekolah` (`npsn`, `kode_kecamatan`, `nama_sekolah`, `alamat_sekolah`, `status`, `jenjang_pendidikan`, `koordinat`) VALUES (:npsn:, :kode_kecamatan:, :nama_sekolah:, :alamat_sekolah:, :status:, :jenjang_pendidikan:, :koordinat:)', [...], false)
 4 SYSTEMPATH\Model.php(383): CodeIgniter\Database\BaseBuilder->insert()
 5 SYSTEMPATH\BaseModel.php(840): CodeIgniter\Model->doInsert([...])
 6 SYSTEMPATH\Model.php(791): CodeIgniter\BaseModel->insert([...], true)
 7 APPPATH\Controllers\sekolah.php(82): CodeIgniter\Model->insert([...])
 8 SYSTEMPATH\CodeIgniter.php(933): App\Controllers\Sekolah->simpan()
 9 SYSTEMPATH\CodeIgniter.php(509): CodeIgniter\CodeIgniter->runController(Object(App\Controllers\Sekolah))
10 SYSTEMPATH\CodeIgniter.php(355): CodeIgniter\CodeIgniter->handleRequest(null, Object(Config\Cache), false)
11 SYSTEMPATH\Boot.php(312): CodeIgniter\CodeIgniter->run()
12 SYSTEMPATH\Boot.php(67): CodeIgniter\Boot::runCodeIgniter(Object(CodeIgniter\CodeIgniter))
13 FCPATH\index.php(56): CodeIgniter\Boot::bootWeb(Object(Config\Paths))
CRITICAL - 2024-06-14 04:25:15 --> [Caused by] mysqli_sql_exception: Duplicate entry '3302050' for key 'kode_kecamatan'
in SYSTEMPATH\Database\MySQLi\Connection.php on line 308.
 1 SYSTEMPATH\Database\MySQLi\Connection.php(308): mysqli->query('INSERT INTO `sekolah` (`npsn`, `kode_kecamatan`, `nama_sekolah`, `alamat_sekolah`, `status`, `jenjang_pendidikan`, `koordinat`) VALUES (\'20302635\', \'3302050\', \'SD NEGERI 2 KRADENAN\', \'Jalan Bogangin\', \'NEGERI\', \'SD\', \'-7.61077,109.3757\')', 0)
 2 SYSTEMPATH\Database\BaseConnection.php(722): CodeIgniter\Database\MySQLi\Connection->execute('INSERT INTO `sekolah` (`npsn`, `kode_kecamatan`, `nama_sekolah`, `alamat_sekolah`, `status`, `jenjang_pendidikan`, `koordinat`) VALUES (\'20302635\', \'3302050\', \'SD NEGERI 2 KRADENAN\', \'Jalan Bogangin\', \'NEGERI\', \'SD\', \'-7.61077,109.3757\')')
 3 SYSTEMPATH\Database\BaseConnection.php(636): CodeIgniter\Database\BaseConnection->simpleQuery('INSERT INTO `sekolah` (`npsn`, `kode_kecamatan`, `nama_sekolah`, `alamat_sekolah`, `status`, `jenjang_pendidikan`, `koordinat`) VALUES (\'20302635\', \'3302050\', \'SD NEGERI 2 KRADENAN\', \'Jalan Bogangin\', \'NEGERI\', \'SD\', \'-7.61077,109.3757\')')
 4 SYSTEMPATH\Database\BaseBuilder.php(2325): CodeIgniter\Database\BaseConnection->query('INSERT INTO `sekolah` (`npsn`, `kode_kecamatan`, `nama_sekolah`, `alamat_sekolah`, `status`, `jenjang_pendidikan`, `koordinat`) VALUES (:npsn:, :kode_kecamatan:, :nama_sekolah:, :alamat_sekolah:, :status:, :jenjang_pendidikan:, :koordinat:)', [...], false)
 5 SYSTEMPATH\Model.php(383): CodeIgniter\Database\BaseBuilder->insert()
 6 SYSTEMPATH\BaseModel.php(840): CodeIgniter\Model->doInsert([...])
 7 SYSTEMPATH\Model.php(791): CodeIgniter\BaseModel->insert([...], true)
 8 APPPATH\Controllers\sekolah.php(82): CodeIgniter\Model->insert([...])
 9 SYSTEMPATH\CodeIgniter.php(933): App\Controllers\Sekolah->simpan()
10 SYSTEMPATH\CodeIgniter.php(509): CodeIgniter\CodeIgniter->runController(Object(App\Controllers\Sekolah))
11 SYSTEMPATH\CodeIgniter.php(355): CodeIgniter\CodeIgniter->handleRequest(null, Object(Config\Cache), false)
12 SYSTEMPATH\Boot.php(312): CodeIgniter\CodeIgniter->run()
13 SYSTEMPATH\Boot.php(67): CodeIgniter\Boot::runCodeIgniter(Object(CodeIgniter\CodeIgniter))
14 FCPATH\index.php(56): CodeIgniter\Boot::bootWeb(Object(Config\Paths))
ERROR - 2024-06-14 04:27:30 --> mysqli_sql_exception: Duplicate entry '1' for key 'id_kabupaten' in C:\xampp\htdocs\websig\system\Database\MySQLi\Connection.php:308
Stack trace:
#0 C:\xampp\htdocs\websig\system\Database\MySQLi\Connection.php(308): mysqli->query('INSERT INTO `ke...', 0)
#1 C:\xampp\htdocs\websig\system\Database\BaseConnection.php(722): CodeIgniter\Database\MySQLi\Connection->execute('INSERT INTO `ke...')
#2 C:\xampp\htdocs\websig\system\Database\BaseConnection.php(636): CodeIgniter\Database\BaseConnection->simpleQuery('INSERT INTO `ke...')
#3 C:\xampp\htdocs\websig\system\Database\BaseBuilder.php(2325): CodeIgniter\Database\BaseConnection->query('INSERT INTO `ke...', Array, false)
#4 C:\xampp\htdocs\websig\system\Model.php(383): CodeIgniter\Database\BaseBuilder->insert()
#5 C:\xampp\htdocs\websig\system\BaseModel.php(840): CodeIgniter\Model->doInsert(Array)
#6 C:\xampp\htdocs\websig\system\Model.php(791): CodeIgniter\BaseModel->insert(Array, true)
#7 C:\xampp\htdocs\websig\app\Controllers\Kecamatan.php(65): CodeIgniter\Model->insert(Array)
#8 C:\xampp\htdocs\websig\system\CodeIgniter.php(933): App\Controllers\Kecamatan->simpan()
#9 C:\xampp\htdocs\websig\system\CodeIgniter.php(509): CodeIgniter\CodeIgniter->runController(Object(App\Controllers\Kecamatan))
#10 C:\xampp\htdocs\websig\system\CodeIgniter.php(355): CodeIgniter\CodeIgniter->handleRequest(NULL, Object(Config\Cache), false)
#11 C:\xampp\htdocs\websig\system\Boot.php(312): CodeIgniter\CodeIgniter->run()
#12 C:\xampp\htdocs\websig\system\Boot.php(67): CodeIgniter\Boot::runCodeIgniter(Object(CodeIgniter\CodeIgniter))
#13 C:\xampp\htdocs\websig\index.php(56): CodeIgniter\Boot::bootWeb(Object(Config\Paths))
#14 {main}
CRITICAL - 2024-06-14 04:27:30 --> CodeIgniter\Database\Exceptions\DatabaseException: Duplicate entry '1' for key 'id_kabupaten'
[Method: POST, Route: simpankecamatan]
in SYSTEMPATH\Database\BaseConnection.php on line 676.
 1 SYSTEMPATH\Database\BaseBuilder.php(2325): CodeIgniter\Database\BaseConnection->query('INSERT INTO `kecamatan` (`kode_kecamatan`, `id_kabupaten`, `nama_kecamatan`, `jumlah_penduduk`, `luas_wilayah`) VALUES (:kode_kecamatan:, :id_kabupaten:, :nama_kecamatan:, :jumlah_penduduk:, :luas_wilayah:)', [...], false)
 2 SYSTEMPATH\Model.php(383): CodeIgniter\Database\BaseBuilder->insert()
 3 SYSTEMPATH\BaseModel.php(840): CodeIgniter\Model->doInsert([...])
 4 SYSTEMPATH\Model.php(791): CodeIgniter\BaseModel->insert([...], true)
 5 APPPATH\Controllers\Kecamatan.php(65): CodeIgniter\Model->insert([...])
 6 SYSTEMPATH\CodeIgniter.php(933): App\Controllers\Kecamatan->simpan()
 7 SYSTEMPATH\CodeIgniter.php(509): CodeIgniter\CodeIgniter->runController(Object(App\Controllers\Kecamatan))
 8 SYSTEMPATH\CodeIgniter.php(355): CodeIgniter\CodeIgniter->handleRequest(null, Object(Config\Cache), false)
 9 SYSTEMPATH\Boot.php(312): CodeIgniter\CodeIgniter->run()
10 SYSTEMPATH\Boot.php(67): CodeIgniter\Boot::runCodeIgniter(Object(CodeIgniter\CodeIgniter))
11 FCPATH\index.php(56): CodeIgniter\Boot::bootWeb(Object(Config\Paths))
CRITICAL - 2024-06-14 04:27:30 --> [Caused by] CodeIgniter\Database\Exceptions\DatabaseException: Duplicate entry '1' for key 'id_kabupaten'
in SYSTEMPATH\Database\MySQLi\Connection.php on line 313.
 1 SYSTEMPATH\Database\BaseConnection.php(722): CodeIgniter\Database\MySQLi\Connection->execute('INSERT INTO `kecamatan` (`kode_kecamatan`, `id_kabupaten`, `nama_kecamatan`, `jumlah_penduduk`, `luas_wilayah`) VALUES (\'3302070\', \'1\', \'Baturaden\', \'8789065\', \'11578945\')')
 2 SYSTEMPATH\Database\BaseConnection.php(636): CodeIgniter\Database\BaseConnection->simpleQuery('INSERT INTO `kecamatan` (`kode_kecamatan`, `id_kabupaten`, `nama_kecamatan`, `jumlah_penduduk`, `luas_wilayah`) VALUES (\'3302070\', \'1\', \'Baturaden\', \'8789065\', \'11578945\')')
 3 SYSTEMPATH\Database\BaseBuilder.php(2325): CodeIgniter\Database\BaseConnection->query('INSERT INTO `kecamatan` (`kode_kecamatan`, `id_kabupaten`, `nama_kecamatan`, `jumlah_penduduk`, `luas_wilayah`) VALUES (:kode_kecamatan:, :id_kabupaten:, :nama_kecamatan:, :jumlah_penduduk:, :luas_wilayah:)', [...], false)
 4 SYSTEMPATH\Model.php(383): CodeIgniter\Database\BaseBuilder->insert()
 5 SYSTEMPATH\BaseModel.php(840): CodeIgniter\Model->doInsert([...])
 6 SYSTEMPATH\Model.php(791): CodeIgniter\BaseModel->insert([...], true)
 7 APPPATH\Controllers\Kecamatan.php(65): CodeIgniter\Model->insert([...])
 8 SYSTEMPATH\CodeIgniter.php(933): App\Controllers\Kecamatan->simpan()
 9 SYSTEMPATH\CodeIgniter.php(509): CodeIgniter\CodeIgniter->runController(Object(App\Controllers\Kecamatan))
10 SYSTEMPATH\CodeIgniter.php(355): CodeIgniter\CodeIgniter->handleRequest(null, Object(Config\Cache), false)
11 SYSTEMPATH\Boot.php(312): CodeIgniter\CodeIgniter->run()
12 SYSTEMPATH\Boot.php(67): CodeIgniter\Boot::runCodeIgniter(Object(CodeIgniter\CodeIgniter))
13 FCPATH\index.php(56): CodeIgniter\Boot::bootWeb(Object(Config\Paths))
CRITICAL - 2024-06-14 04:27:30 --> [Caused by] mysqli_sql_exception: Duplicate entry '1' for key 'id_kabupaten'
in SYSTEMPATH\Database\MySQLi\Connection.php on line 308.
 1 SYSTEMPATH\Database\MySQLi\Connection.php(308): mysqli->query('INSERT INTO `kecamatan` (`kode_kecamatan`, `id_kabupaten`, `nama_kecamatan`, `jumlah_penduduk`, `luas_wilayah`) VALUES (\'3302070\', \'1\', \'Baturaden\', \'8789065\', \'11578945\')', 0)
 2 SYSTEMPATH\Database\BaseConnection.php(722): CodeIgniter\Database\MySQLi\Connection->execute('INSERT INTO `kecamatan` (`kode_kecamatan`, `id_kabupaten`, `nama_kecamatan`, `jumlah_penduduk`, `luas_wilayah`) VALUES (\'3302070\', \'1\', \'Baturaden\', \'8789065\', \'11578945\')')
 3 SYSTEMPATH\Database\BaseConnection.php(636): CodeIgniter\Database\BaseConnection->simpleQuery('INSERT INTO `kecamatan` (`kode_kecamatan`, `id_kabupaten`, `nama_kecamatan`, `jumlah_penduduk`, `luas_wilayah`) VALUES (\'3302070\', \'1\', \'Baturaden\', \'8789065\', \'11578945\')')
 4 SYSTEMPATH\Database\BaseBuilder.php(2325): CodeIgniter\Database\BaseConnection->query('INSERT INTO `kecamatan` (`kode_kecamatan`, `id_kabupaten`, `nama_kecamatan`, `jumlah_penduduk`, `luas_wilayah`) VALUES (:kode_kecamatan:, :id_kabupaten:, :nama_kecamatan:, :jumlah_penduduk:, :luas_wilayah:)', [...], false)
 5 SYSTEMPATH\Model.php(383): CodeIgniter\Database\BaseBuilder->insert()
 6 SYSTEMPATH\BaseModel.php(840): CodeIgniter\Model->doInsert([...])
 7 SYSTEMPATH\Model.php(791): CodeIgniter\BaseModel->insert([...], true)
 8 APPPATH\Controllers\Kecamatan.php(65): CodeIgniter\Model->insert([...])
 9 SYSTEMPATH\CodeIgniter.php(933): App\Controllers\Kecamatan->simpan()
10 SYSTEMPATH\CodeIgniter.php(509): CodeIgniter\CodeIgniter->runController(Object(App\Controllers\Kecamatan))
11 SYSTEMPATH\CodeIgniter.php(355): CodeIgniter\CodeIgniter->handleRequest(null, Object(Config\Cache), false)
12 SYSTEMPATH\Boot.php(312): CodeIgniter\CodeIgniter->run()
13 SYSTEMPATH\Boot.php(67): CodeIgniter\Boot::runCodeIgniter(Object(CodeIgniter\CodeIgniter))
14 FCPATH\index.php(56): CodeIgniter\Boot::bootWeb(Object(Config\Paths))
ERROR - 2024-06-14 11:17:32 --> mysqli_sql_exception: Duplicate entry '3302050' for key 'kode_kecamatan' in C:\xampp\htdocs\websig\system\Database\MySQLi\Connection.php:308
Stack trace:
#0 C:\xampp\htdocs\websig\system\Database\MySQLi\Connection.php(308): mysqli->query('INSERT INTO `se...', 0)
#1 C:\xampp\htdocs\websig\system\Database\BaseConnection.php(722): CodeIgniter\Database\MySQLi\Connection->execute('INSERT INTO `se...')
#2 C:\xampp\htdocs\websig\system\Database\BaseConnection.php(636): CodeIgniter\Database\BaseConnection->simpleQuery('INSERT INTO `se...')
#3 C:\xampp\htdocs\websig\system\Database\BaseBuilder.php(2325): CodeIgniter\Database\BaseConnection->query('INSERT INTO `se...', Array, false)
#4 C:\xampp\htdocs\websig\system\Model.php(383): CodeIgniter\Database\BaseBuilder->insert()
#5 C:\xampp\htdocs\websig\system\BaseModel.php(840): CodeIgniter\Model->doInsert(Array)
#6 C:\xampp\htdocs\websig\system\Model.php(791): CodeIgniter\BaseModel->insert(Array, true)
#7 C:\xampp\htdocs\websig\app\Controllers\sekolah.php(82): CodeIgniter\Model->insert(Array)
#8 C:\xampp\htdocs\websig\system\CodeIgniter.php(933): App\Controllers\Sekolah->simpan()
#9 C:\xampp\htdocs\websig\system\CodeIgniter.php(509): CodeIgniter\CodeIgniter->runController(Object(App\Controllers\Sekolah))
#10 C:\xampp\htdocs\websig\system\CodeIgniter.php(355): CodeIgniter\CodeIgniter->handleRequest(NULL, Object(Config\Cache), false)
#11 C:\xampp\htdocs\websig\system\Boot.php(312): CodeIgniter\CodeIgniter->run()
#12 C:\xampp\htdocs\websig\system\Boot.php(67): CodeIgniter\Boot::runCodeIgniter(Object(CodeIgniter\CodeIgniter))
#13 C:\xampp\htdocs\websig\index.php(56): CodeIgniter\Boot::bootWeb(Object(Config\Paths))
#14 {main}
CRITICAL - 2024-06-14 11:17:32 --> CodeIgniter\Database\Exceptions\DatabaseException: Duplicate entry '3302050' for key 'kode_kecamatan'
[Method: POST, Route: simpansekolah]
in SYSTEMPATH\Database\BaseConnection.php on line 676.
 1 SYSTEMPATH\Database\BaseBuilder.php(2325): CodeIgniter\Database\BaseConnection->query('INSERT INTO `sekolah` (`npsn`, `kode_kecamatan`, `nama_sekolah`, `alamat_sekolah`, `status`, `jenjang_pendidikan`, `koordinat`) VALUES (:npsn:, :kode_kecamatan:, :nama_sekolah:, :alamat_sekolah:, :status:, :jenjang_pendidikan:, :koordinat:)', [...], false)
 2 SYSTEMPATH\Model.php(383): CodeIgniter\Database\BaseBuilder->insert()
 3 SYSTEMPATH\BaseModel.php(840): CodeIgniter\Model->doInsert([...])
 4 SYSTEMPATH\Model.php(791): CodeIgniter\BaseModel->insert([...], true)
 5 APPPATH\Controllers\sekolah.php(82): CodeIgniter\Model->insert([...])
 6 SYSTEMPATH\CodeIgniter.php(933): App\Controllers\Sekolah->simpan()
 7 SYSTEMPATH\CodeIgniter.php(509): CodeIgniter\CodeIgniter->runController(Object(App\Controllers\Sekolah))
 8 SYSTEMPATH\CodeIgniter.php(355): CodeIgniter\CodeIgniter->handleRequest(null, Object(Config\Cache), false)
 9 SYSTEMPATH\Boot.php(312): CodeIgniter\CodeIgniter->run()
10 SYSTEMPATH\Boot.php(67): CodeIgniter\Boot::runCodeIgniter(Object(CodeIgniter\CodeIgniter))
11 FCPATH\index.php(56): CodeIgniter\Boot::bootWeb(Object(Config\Paths))
CRITICAL - 2024-06-14 11:17:32 --> [Caused by] CodeIgniter\Database\Exceptions\DatabaseException: Duplicate entry '3302050' for key 'kode_kecamatan'
in SYSTEMPATH\Database\MySQLi\Connection.php on line 313.
 1 SYSTEMPATH\Database\BaseConnection.php(722): CodeIgniter\Database\MySQLi\Connection->execute('INSERT INTO `sekolah` (`npsn`, `kode_kecamatan`, `nama_sekolah`, `alamat_sekolah`, `status`, `jenjang_pendidikan`, `koordinat`) VALUES (\'20302763\', \'3302050\', \'SD NEGERI 1 KEBOKURA\', \'Jl sekolahan nomor 10\', \'NEGERI\', \'SD\', \'-7.61005,109.35572\')')
 2 SYSTEMPATH\Database\BaseConnection.php(636): CodeIgniter\Database\BaseConnection->simpleQuery('INSERT INTO `sekolah` (`npsn`, `kode_kecamatan`, `nama_sekolah`, `alamat_sekolah`, `status`, `jenjang_pendidikan`, `koordinat`) VALUES (\'20302763\', \'3302050\', \'SD NEGERI 1 KEBOKURA\', \'Jl sekolahan nomor 10\', \'NEGERI\', \'SD\', \'-7.61005,109.35572\')')
 3 SYSTEMPATH\Database\BaseBuilder.php(2325): CodeIgniter\Database\BaseConnection->query('INSERT INTO `sekolah` (`npsn`, `kode_kecamatan`, `nama_sekolah`, `alamat_sekolah`, `status`, `jenjang_pendidikan`, `koordinat`) VALUES (:npsn:, :kode_kecamatan:, :nama_sekolah:, :alamat_sekolah:, :status:, :jenjang_pendidikan:, :koordinat:)', [...], false)
 4 SYSTEMPATH\Model.php(383): CodeIgniter\Database\BaseBuilder->insert()
 5 SYSTEMPATH\BaseModel.php(840): CodeIgniter\Model->doInsert([...])
 6 SYSTEMPATH\Model.php(791): CodeIgniter\BaseModel->insert([...], true)
 7 APPPATH\Controllers\sekolah.php(82): CodeIgniter\Model->insert([...])
 8 SYSTEMPATH\CodeIgniter.php(933): App\Controllers\Sekolah->simpan()
 9 SYSTEMPATH\CodeIgniter.php(509): CodeIgniter\CodeIgniter->runController(Object(App\Controllers\Sekolah))
10 SYSTEMPATH\CodeIgniter.php(355): CodeIgniter\CodeIgniter->handleRequest(null, Object(Config\Cache), false)
11 SYSTEMPATH\Boot.php(312): CodeIgniter\CodeIgniter->run()
12 SYSTEMPATH\Boot.php(67): CodeIgniter\Boot::runCodeIgniter(Object(CodeIgniter\CodeIgniter))
13 FCPATH\index.php(56): CodeIgniter\Boot::bootWeb(Object(Config\Paths))
CRITICAL - 2024-06-14 11:17:32 --> [Caused by] mysqli_sql_exception: Duplicate entry '3302050' for key 'kode_kecamatan'
in SYSTEMPATH\Database\MySQLi\Connection.php on line 308.
 1 SYSTEMPATH\Database\MySQLi\Connection.php(308): mysqli->query('INSERT INTO `sekolah` (`npsn`, `kode_kecamatan`, `nama_sekolah`, `alamat_sekolah`, `status`, `jenjang_pendidikan`, `koordinat`) VALUES (\'20302763\', \'3302050\', \'SD NEGERI 1 KEBOKURA\', \'Jl sekolahan nomor 10\', \'NEGERI\', \'SD\', \'-7.61005,109.35572\')', 0)
 2 SYSTEMPATH\Database\BaseConnection.php(722): CodeIgniter\Database\MySQLi\Connection->execute('INSERT INTO `sekolah` (`npsn`, `kode_kecamatan`, `nama_sekolah`, `alamat_sekolah`, `status`, `jenjang_pendidikan`, `koordinat`) VALUES (\'20302763\', \'3302050\', \'SD NEGERI 1 KEBOKURA\', \'Jl sekolahan nomor 10\', \'NEGERI\', \'SD\', \'-7.61005,109.35572\')')
 3 SYSTEMPATH\Database\BaseConnection.php(636): CodeIgniter\Database\BaseConnection->simpleQuery('INSERT INTO `sekolah` (`npsn`, `kode_kecamatan`, `nama_sekolah`, `alamat_sekolah`, `status`, `jenjang_pendidikan`, `koordinat`) VALUES (\'20302763\', \'3302050\', \'SD NEGERI 1 KEBOKURA\', \'Jl sekolahan nomor 10\', \'NEGERI\', \'SD\', \'-7.61005,109.35572\')')
 4 SYSTEMPATH\Database\BaseBuilder.php(2325): CodeIgniter\Database\BaseConnection->query('INSERT INTO `sekolah` (`npsn`, `kode_kecamatan`, `nama_sekolah`, `alamat_sekolah`, `status`, `jenjang_pendidikan`, `koordinat`) VALUES (:npsn:, :kode_kecamatan:, :nama_sekolah:, :alamat_sekolah:, :status:, :jenjang_pendidikan:, :koordinat:)', [...], false)
 5 SYSTEMPATH\Model.php(383): CodeIgniter\Database\BaseBuilder->insert()
 6 SYSTEMPATH\BaseModel.php(840): CodeIgniter\Model->doInsert([...])
 7 SYSTEMPATH\Model.php(791): CodeIgniter\BaseModel->insert([...], true)
 8 APPPATH\Controllers\sekolah.php(82): CodeIgniter\Model->insert([...])
 9 SYSTEMPATH\CodeIgniter.php(933): App\Controllers\Sekolah->simpan()
10 SYSTEMPATH\CodeIgniter.php(509): CodeIgniter\CodeIgniter->runController(Object(App\Controllers\Sekolah))
11 SYSTEMPATH\CodeIgniter.php(355): CodeIgniter\CodeIgniter->handleRequest(null, Object(Config\Cache), false)
12 SYSTEMPATH\Boot.php(312): CodeIgniter\CodeIgniter->run()
13 SYSTEMPATH\Boot.php(67): CodeIgniter\Boot::runCodeIgniter(Object(CodeIgniter\CodeIgniter))
14 FCPATH\index.php(56): CodeIgniter\Boot::bootWeb(Object(Config\Paths))
ERROR - 2024-06-14 11:20:05 --> mysqli_sql_exception: Duplicate entry '1' for key 'id_kabupaten' in C:\xampp\htdocs\websig\system\Database\MySQLi\Connection.php:308
Stack trace:
#0 C:\xampp\htdocs\websig\system\Database\MySQLi\Connection.php(308): mysqli->query('INSERT INTO `ke...', 0)
#1 C:\xampp\htdocs\websig\system\Database\BaseConnection.php(722): CodeIgniter\Database\MySQLi\Connection->execute('INSERT INTO `ke...')
#2 C:\xampp\htdocs\websig\system\Database\BaseConnection.php(636): CodeIgniter\Database\BaseConnection->simpleQuery('INSERT INTO `ke...')
#3 C:\xampp\htdocs\websig\system\Database\BaseBuilder.php(2325): CodeIgniter\Database\BaseConnection->query('INSERT INTO `ke...', Array, false)
#4 C:\xampp\htdocs\websig\system\Model.php(383): CodeIgniter\Database\BaseBuilder->insert()
#5 C:\xampp\htdocs\websig\system\BaseModel.php(840): CodeIgniter\Model->doInsert(Array)
#6 C:\xampp\htdocs\websig\system\Model.php(791): CodeIgniter\BaseModel->insert(Array, true)
#7 C:\xampp\htdocs\websig\app\Controllers\Kecamatan.php(65): CodeIgniter\Model->insert(Array)
#8 C:\xampp\htdocs\websig\system\CodeIgniter.php(933): App\Controllers\Kecamatan->simpan()
#9 C:\xampp\htdocs\websig\system\CodeIgniter.php(509): CodeIgniter\CodeIgniter->runController(Object(App\Controllers\Kecamatan))
#10 C:\xampp\htdocs\websig\system\CodeIgniter.php(355): CodeIgniter\CodeIgniter->handleRequest(NULL, Object(Config\Cache), false)
#11 C:\xampp\htdocs\websig\system\Boot.php(312): CodeIgniter\CodeIgniter->run()
#12 C:\xampp\htdocs\websig\system\Boot.php(67): CodeIgniter\Boot::runCodeIgniter(Object(CodeIgniter\CodeIgniter))
#13 C:\xampp\htdocs\websig\index.php(56): CodeIgniter\Boot::bootWeb(Object(Config\Paths))
#14 {main}
CRITICAL - 2024-06-14 11:20:05 --> CodeIgniter\Database\Exceptions\DatabaseException: Duplicate entry '1' for key 'id_kabupaten'
[Method: POST, Route: simpankecamatan]
in SYSTEMPATH\Database\BaseConnection.php on line 676.
 1 SYSTEMPATH\Database\BaseBuilder.php(2325): CodeIgniter\Database\BaseConnection->query('INSERT INTO `kecamatan` (`kode_kecamatan`, `id_kabupaten`, `nama_kecamatan`, `jumlah_penduduk`, `luas_wilayah`) VALUES (:kode_kecamatan:, :id_kabupaten:, :nama_kecamatan:, :jumlah_penduduk:, :luas_wilayah:)', [...], false)
 2 SYSTEMPATH\Model.php(383): CodeIgniter\Database\BaseBuilder->insert()
 3 SYSTEMPATH\BaseModel.php(840): CodeIgniter\Model->doInsert([...])
 4 SYSTEMPATH\Model.php(791): CodeIgniter\BaseModel->insert([...], true)
 5 APPPATH\Controllers\Kecamatan.php(65): CodeIgniter\Model->insert([...])
 6 SYSTEMPATH\CodeIgniter.php(933): App\Controllers\Kecamatan->simpan()
 7 SYSTEMPATH\CodeIgniter.php(509): CodeIgniter\CodeIgniter->runController(Object(App\Controllers\Kecamatan))
 8 SYSTEMPATH\CodeIgniter.php(355): CodeIgniter\CodeIgniter->handleRequest(null, Object(Config\Cache), false)
 9 SYSTEMPATH\Boot.php(312): CodeIgniter\CodeIgniter->run()
10 SYSTEMPATH\Boot.php(67): CodeIgniter\Boot::runCodeIgniter(Object(CodeIgniter\CodeIgniter))
11 FCPATH\index.php(56): CodeIgniter\Boot::bootWeb(Object(Config\Paths))
CRITICAL - 2024-06-14 11:20:05 --> [Caused by] CodeIgniter\Database\Exceptions\DatabaseException: Duplicate entry '1' for key 'id_kabupaten'
in SYSTEMPATH\Database\MySQLi\Connection.php on line 313.
 1 SYSTEMPATH\Database\BaseConnection.php(722): CodeIgniter\Database\MySQLi\Connection->execute('INSERT INTO `kecamatan` (`kode_kecamatan`, `id_kabupaten`, `nama_kecamatan`, `jumlah_penduduk`, `luas_wilayah`) VALUES (\'3302080\', \'1\', \'Kedung banteng\', \'763900\', \'57945900\')')
 2 SYSTEMPATH\Database\BaseConnection.php(636): CodeIgniter\Database\BaseConnection->simpleQuery('INSERT INTO `kecamatan` (`kode_kecamatan`, `id_kabupaten`, `nama_kecamatan`, `jumlah_penduduk`, `luas_wilayah`) VALUES (\'3302080\', \'1\', \'Kedung banteng\', \'763900\', \'57945900\')')
 3 SYSTEMPATH\Database\BaseBuilder.php(2325): CodeIgniter\Database\BaseConnection->query('INSERT INTO `kecamatan` (`kode_kecamatan`, `id_kabupaten`, `nama_kecamatan`, `jumlah_penduduk`, `luas_wilayah`) VALUES (:kode_kecamatan:, :id_kabupaten:, :nama_kecamatan:, :jumlah_penduduk:, :luas_wilayah:)', [...], false)
 4 SYSTEMPATH\Model.php(383): CodeIgniter\Database\BaseBuilder->insert()
 5 SYSTEMPATH\BaseModel.php(840): CodeIgniter\Model->doInsert([...])
 6 SYSTEMPATH\Model.php(791): CodeIgniter\BaseModel->insert([...], true)
 7 APPPATH\Controllers\Kecamatan.php(65): CodeIgniter\Model->insert([...])
 8 SYSTEMPATH\CodeIgniter.php(933): App\Controllers\Kecamatan->simpan()
 9 SYSTEMPATH\CodeIgniter.php(509): CodeIgniter\CodeIgniter->runController(Object(App\Controllers\Kecamatan))
10 SYSTEMPATH\CodeIgniter.php(355): CodeIgniter\CodeIgniter->handleRequest(null, Object(Config\Cache), false)
11 SYSTEMPATH\Boot.php(312): CodeIgniter\CodeIgniter->run()
12 SYSTEMPATH\Boot.php(67): CodeIgniter\Boot::runCodeIgniter(Object(CodeIgniter\CodeIgniter))
13 FCPATH\index.php(56): CodeIgniter\Boot::bootWeb(Object(Config\Paths))
CRITICAL - 2024-06-14 11:20:05 --> [Caused by] mysqli_sql_exception: Duplicate entry '1' for key 'id_kabupaten'
in SYSTEMPATH\Database\MySQLi\Connection.php on line 308.
 1 SYSTEMPATH\Database\MySQLi\Connection.php(308): mysqli->query('INSERT INTO `kecamatan` (`kode_kecamatan`, `id_kabupaten`, `nama_kecamatan`, `jumlah_penduduk`, `luas_wilayah`) VALUES (\'3302080\', \'1\', \'Kedung banteng\', \'763900\', \'57945900\')', 0)
 2 SYSTEMPATH\Database\BaseConnection.php(722): CodeIgniter\Database\MySQLi\Connection->execute('INSERT INTO `kecamatan` (`kode_kecamatan`, `id_kabupaten`, `nama_kecamatan`, `jumlah_penduduk`, `luas_wilayah`) VALUES (\'3302080\', \'1\', \'Kedung banteng\', \'763900\', \'57945900\')')
 3 SYSTEMPATH\Database\BaseConnection.php(636): CodeIgniter\Database\BaseConnection->simpleQuery('INSERT INTO `kecamatan` (`kode_kecamatan`, `id_kabupaten`, `nama_kecamatan`, `jumlah_penduduk`, `luas_wilayah`) VALUES (\'3302080\', \'1\', \'Kedung banteng\', \'763900\', \'57945900\')')
 4 SYSTEMPATH\Database\BaseBuilder.php(2325): CodeIgniter\Database\BaseConnection->query('INSERT INTO `kecamatan` (`kode_kecamatan`, `id_kabupaten`, `nama_kecamatan`, `jumlah_penduduk`, `luas_wilayah`) VALUES (:kode_kecamatan:, :id_kabupaten:, :nama_kecamatan:, :jumlah_penduduk:, :luas_wilayah:)', [...], false)
 5 SYSTEMPATH\Model.php(383): CodeIgniter\Database\BaseBuilder->insert()
 6 SYSTEMPATH\BaseModel.php(840): CodeIgniter\Model->doInsert([...])
 7 SYSTEMPATH\Model.php(791): CodeIgniter\BaseModel->insert([...], true)
 8 APPPATH\Controllers\Kecamatan.php(65): CodeIgniter\Model->insert([...])
 9 SYSTEMPATH\CodeIgniter.php(933): App\Controllers\Kecamatan->simpan()
10 SYSTEMPATH\CodeIgniter.php(509): CodeIgniter\CodeIgniter->runController(Object(App\Controllers\Kecamatan))
11 SYSTEMPATH\CodeIgniter.php(355): CodeIgniter\CodeIgniter->handleRequest(null, Object(Config\Cache), false)
12 SYSTEMPATH\Boot.php(312): CodeIgniter\CodeIgniter->run()
13 SYSTEMPATH\Boot.php(67): CodeIgniter\Boot::runCodeIgniter(Object(CodeIgniter\CodeIgniter))
14 FCPATH\index.php(56): CodeIgniter\Boot::bootWeb(Object(Config\Paths))
